<?xml version="1.0" encoding="UTF-8"?>
<!-- Generated by org.testng.reporters.JUnitXMLReporter -->
<testsuite hostname="DESKTOP-P52D93K" name="Test" tests="1" failures="0" timestamp="17 Mar 2019 10:24:02 GMT" time="0.038" errors="0">
  <testcase name="@BeforeMethod openBrowser" time="0.0" classname="com.vij.Test">
    <failure type="org.testng.TestNGException" message="
Parameter &amp;apos;browser&amp;apos; is required by @Configuration on method openBrowser but has not been marked @Optional or defined
in C:\Users\Mutturaj\workspace\vij\testng.xml">
      <![CDATA[org.testng.TestNGException: 
Parameter 'browser' is required by @Configuration on method openBrowser but has not been marked @Optional or defined
in C:\Users\Mutturaj\workspace\vij\testng.xml
... Removed 23 stack frames]]>
    </failure>
  </testcase> <!-- @BeforeMethod openBrowser -->
  <testcase name="test2" time="0.007" classname="com.vij.Test">
    <skipped/>
  </testcase> <!-- test2 -->
</testsuite> <!-- Test -->
